0 info it worked if it ends with ok
1 verbose cli [ 'node',
1 verbose cli   '/usr/local/bin/npm',
1 verbose cli   'install',
1 verbose cli   '-g',
1 verbose cli   'cordova',
1 verbose cli   'ionic' ]
2 info using npm@1.4.28
3 info using node@v0.10.35
4 verbose cache add [ 'cordova', null ]
5 verbose cache add name=undefined spec="cordova" args=["cordova",null]
6 verbose parsed url { protocol: null,
6 verbose parsed url   slashes: null,
6 verbose parsed url   auth: null,
6 verbose parsed url   host: null,
6 verbose parsed url   port: null,
6 verbose parsed url   hostname: null,
6 verbose parsed url   hash: null,
6 verbose parsed url   search: null,
6 verbose parsed url   query: null,
6 verbose parsed url   pathname: 'cordova',
6 verbose parsed url   path: 'cordova',
6 verbose parsed url   href: 'cordova' }
7 verbose cache add [ 'ionic', null ]
8 verbose cache add name=undefined spec="ionic" args=["ionic",null]
9 verbose parsed url { protocol: null,
9 verbose parsed url   slashes: null,
9 verbose parsed url   auth: null,
9 verbose parsed url   host: null,
9 verbose parsed url   port: null,
9 verbose parsed url   hostname: null,
9 verbose parsed url   hash: null,
9 verbose parsed url   search: null,
9 verbose parsed url   query: null,
9 verbose parsed url   pathname: 'ionic',
9 verbose parsed url   path: 'ionic',
9 verbose parsed url   href: 'ionic' }
10 silly lockFile a98f2055-cordova cordova
11 verbose lock cordova /Users/NicksMac/.npm/a98f2055-cordova.lock
12 silly lockFile 00d10074-ionic ionic
13 verbose lock ionic /Users/NicksMac/.npm/00d10074-ionic.lock
14 silly lockFile a98f2055-cordova cordova
15 silly lockFile a98f2055-cordova cordova
16 silly lockFile 00d10074-ionic ionic
17 silly lockFile 00d10074-ionic ionic
18 verbose addNamed [ 'cordova', '' ]
19 verbose addNamed [ null, '*' ]
20 silly lockFile de8d9fad-cordova cordova@
21 verbose lock cordova@ /Users/NicksMac/.npm/de8d9fad-cordova.lock
22 verbose addNamed [ 'ionic', '' ]
23 verbose addNamed [ null, '*' ]
24 silly lockFile 966fc04a-ionic ionic@
25 verbose lock ionic@ /Users/NicksMac/.npm/966fc04a-ionic.lock
26 silly addNameRange { name: 'ionic', range: '*', hasData: false }
27 silly addNameRange { name: 'cordova', range: '*', hasData: false }
28 verbose request where is /ionic
29 verbose request registry https://registry.npmjs.org/
30 verbose request id c66d187f786dfb36
31 verbose url raw /ionic
32 verbose url resolving [ 'https://registry.npmjs.org/', './ionic' ]
33 verbose url resolved https://registry.npmjs.org/ionic
34 verbose request where is https://registry.npmjs.org/ionic
35 info trying registry request attempt 1 at 17:25:12
36 verbose etag "A5JUBCD6WZ7YB41YFK8SJASKS"
37 http GET https://registry.npmjs.org/ionic
38 verbose request where is /cordova
39 verbose request registry https://registry.npmjs.org/
40 verbose url raw /cordova
41 verbose url resolving [ 'https://registry.npmjs.org/', './cordova' ]
42 verbose url resolved https://registry.npmjs.org/cordova
43 verbose request where is https://registry.npmjs.org/cordova
44 info trying registry request attempt 1 at 17:25:12
45 verbose etag "D46ECA0HIQDKL2C4HQN48MAAF"
46 http GET https://registry.npmjs.org/cordova
47 http 200 https://registry.npmjs.org/cordova
48 silly registry.get cb [ 200,
48 silly registry.get   { date: 'Wed, 04 Feb 2015 01:25:13 GMT',
48 silly registry.get     server: 'CouchDB/1.5.0 (Erlang OTP/R16B03)',
48 silly registry.get     etag: '"9UB77E9UBS430FUDJ36BVIXQJ"',
48 silly registry.get     'content-type': 'application/json',
48 silly registry.get     'cache-control': 'max-age=60',
48 silly registry.get     'content-length': '337781',
48 silly registry.get     'accept-ranges': 'bytes',
48 silly registry.get     via: '1.1 varnish',
48 silly registry.get     age: '0',
48 silly registry.get     'x-served-by': 'cache-sjc3133-SJC',
48 silly registry.get     'x-cache': 'HIT',
48 silly registry.get     'x-cache-hits': '1',
48 silly registry.get     'x-timer': 'S1423013113.307983,VS0,VE84',
48 silly registry.get     vary: 'Accept',
48 silly registry.get     'keep-alive': 'timeout=10, max=50',
48 silly registry.get     connection: 'Keep-Alive' } ]
49 http 200 https://registry.npmjs.org/ionic
50 silly registry.get cb [ 200,
50 silly registry.get   { date: 'Wed, 04 Feb 2015 01:25:13 GMT',
50 silly registry.get     server: 'CouchDB/1.5.0 (Erlang OTP/R16B03)',
50 silly registry.get     etag: '"A48N2KT9NUELQ5QQE2CHIRYZC"',
50 silly registry.get     'content-type': 'application/json',
50 silly registry.get     'cache-control': 'max-age=60',
50 silly registry.get     'content-length': '190465',
50 silly registry.get     'accept-ranges': 'bytes',
50 silly registry.get     via: '1.1 varnish',
50 silly registry.get     age: '0',
50 silly registry.get     'x-served-by': 'cache-sjc3124-SJC',
50 silly registry.get     'x-cache': 'MISS',
50 silly registry.get     'x-cache-hits': '0',
50 silly registry.get     'x-timer': 'S1423013113.306280,VS0,VE171',
50 silly registry.get     vary: 'Accept',
50 silly registry.get     'keep-alive': 'timeout=10, max=50',
50 silly registry.get     connection: 'Keep-Alive' } ]
51 silly addNameRange number 2 { name: 'cordova', range: '*', hasData: true }
52 silly addNameRange versions [ 'cordova',
52 silly addNameRange   [ '0.0.1',
52 silly addNameRange     '0.0.2',
52 silly addNameRange     '0.0.3',
52 silly addNameRange     '0.0.4',
52 silly addNameRange     '0.0.5',
52 silly addNameRange     '0.0.6',
52 silly addNameRange     '0.0.7',
52 silly addNameRange     '0.0.8',
52 silly addNameRange     '0.0.9',
52 silly addNameRange     '0.1.0',
52 silly addNameRange     '0.1.1',
52 silly addNameRange     '0.1.2',
52 silly addNameRange     '0.1.3',
52 silly addNameRange     '0.1.4',
52 silly addNameRange     '0.1.5',
52 silly addNameRange     '0.1.6',
52 silly addNameRange     '0.1.7',
52 silly addNameRange     '0.1.8',
52 silly addNameRange     '0.1.9',
52 silly addNameRange     '0.1.10',
52 silly addNameRange     '0.1.11',
52 silly addNameRange     '0.1.12',
52 silly addNameRange     '0.1.13',
52 silly addNameRange     '0.1.14',
52 silly addNameRange     '2.2.0',
52 silly addNameRange     '2.3.0',
52 silly addNameRange     '2.3.1',
52 silly addNameRange     '2.3.2',
52 silly addNameRange     '2.3.3',
52 silly addNameRange     '2.3.5',
52 silly addNameRange     '2.3.6',
52 silly addNameRange     '2.4.0',
52 silly addNameRange     '2.4.1',
52 silly addNameRange     '2.4.2',
52 silly addNameRange     '2.4.3',
52 silly addNameRange     '2.4.4',
52 silly addNameRange     '2.4.5',
52 silly addNameRange     '2.4.6',
52 silly addNameRange     '2.4.7',
52 silly addNameRange     '2.4.8',
52 silly addNameRange     '2.4.9',
52 silly addNameRange     '2.4.10',
52 silly addNameRange     '2.5.0',
52 silly addNameRange     '2.5.2',
52 silly addNameRange     '2.5.3',
52 silly addNameRange     '2.5.4',
52 silly addNameRange     '2.5.5',
52 silly addNameRange     '2.6.0',
52 silly addNameRange     '2.6.1',
52 silly addNameRange     '2.6.2',
52 silly addNameRange     '2.7.0-rc.1',
52 silly addNameRange     '2.7.1-rc.1',
52 silly addNameRange     '2.7.2',
52 silly addNameRange     '2.7.3',
52 silly addNameRange     '2.7.4',
52 silly addNameRange     '2.8.0',
52 silly addNameRange     '2.8.1',
52 silly addNameRange     '2.8.2',
52 silly addNameRange     '2.8.3',
52 silly addNameRange     '2.8.4',
52 silly addNameRange     '2.8.5',
52 silly addNameRange     '2.8.6',
52 silly addNameRange     '2.8.7',
52 silly addNameRange     '2.8.8',
52 silly addNameRange     '2.8.9',
52 silly addNameRange     '2.8.10',
52 silly addNameRange     '2.8.11',
52 silly addNameRange     '2.8.12',
52 silly addNameRange     '2.8.13',
52 silly addNameRange     '2.8.14',
52 silly addNameRange     '2.8.15',
52 silly addNameRange     '2.8.16',
52 silly addNameRange     '2.8.17',
52 silly addNameRange     '2.8.18',
52 silly addNameRange     '2.8.19',
52 silly addNameRange     '2.8.20',
52 silly addNameRange     '2.8.21',
52 silly addNameRange     '2.8.22',
52 silly addNameRange     '2.8.23',
52 silly addNameRange     '2.8.24',
52 silly addNameRange     '2.8.25',
52 silly addNameRange     '2.9.0',
52 silly addNameRange     '2.9.1',
52 silly addNameRange     '2.9.2',
52 silly addNameRange     '2.9.3',
52 silly addNameRange     '2.9.4',
52 silly addNameRange     '2.9.5',
52 silly addNameRange     '2.9.6',
52 silly addNameRange     '2.9.7',
52 silly addNameRange     '3.0.0-rc1',
52 silly addNameRange     '3.0.0-rc1-1',
52 silly addNameRange     '3.0.0-rc1-3',
52 silly addNameRange     '3.0.0',
52 silly addNameRange     '3.0.1',
52 silly addNameRange     '3.0.2',
52 silly addNameRange     '3.0.3',
52 silly addNameRange     '3.0.4',
52 silly addNameRange     '3.0.5',
52 silly addNameRange     '3.0.6',
52 silly addNameRange     '3.0.7',
52 silly addNameRange     '3.0.8',
52 silly addNameRange     '3.0.9',
52 silly addNameRange     '3.0.10',
52 silly addNameRange     '3.1.0-0.1.0',
52 silly addNameRange     '3.1.0-0.2.0',
52 silly addNameRange     '3.2.0-rc.1',
52 silly addNameRange     '3.2.0-0.1.0',
52 silly addNameRange     '3.2.0-0.2.0',
52 silly addNameRange     '3.2.0-0.3.0',
52 silly addNameRange     '3.2.0-0.4.0',
52 silly addNameRange     '3.3.0-rc.1',
52 silly addNameRange     '3.3.0-0.1.1',
52 silly addNameRange     '3.3.1-0.1.2',
52 silly addNameRange     '2.9.0-rc1',
52 silly addNameRange     '3.3.1-0.3.0',
52 silly addNameRange     '3.3.1-0.3.1',
52 silly addNameRange     '3.3.1-0.4.1',
52 silly addNameRange     '3.3.1-0.4.2',
52 silly addNameRange     '3.4.0-0.1.0',
52 silly addNameRange     '3.4.0-0.1.1',
52 silly addNameRange     '3.4.0-0.1.2',
52 silly addNameRange     '3.4.0-0.1.3',
52 silly addNameRange     '0.0.0-fake',
52 silly addNameRange     '3.4.1-0.1.0',
52 silly addNameRange     '3.5.0-0.2.0',
52 silly addNameRange     '3.5.0-0.2.1',
52 silly addNameRange     '3.5.0-0.2.2',
52 silly addNameRange     '3.5.0-0.2.3',
52 silly addNameRange     '3.5.0-0.2.4',
52 silly addNameRange     '3.5.0-0.2.6',
52 silly addNameRange     '3.5.0-0.2.7',
52 silly addNameRange     '3.6.0-0.2.8',
52 silly addNameRange     '3.6.0-0.2.9',
52 silly addNameRange     '3.6.1-0.2.10',
52 silly addNameRange     '3.6.3-0.2.11',
52 silly addNameRange     '3.6.3-0.2.12',
52 silly addNameRange     '3.6.3-0.2.13',
52 silly addNameRange     '4.0.0',
52 silly addNameRange     '4.0.1',
52 silly addNameRange     '4.1.0',
52 silly addNameRange     '4.1.1',
52 silly addNameRange     '4.1.2',
52 silly addNameRange     '4.1.3-nightly.2014.10.21',
52 silly addNameRange     '4.2.0' ] ]
53 verbose addNamed [ 'cordova', '4.2.0' ]
54 verbose addNamed [ '4.2.0', '4.2.0' ]
55 silly lockFile ab86ab8c-cordova-4-2-0 cordova@4.2.0
56 verbose lock cordova@4.2.0 /Users/NicksMac/.npm/ab86ab8c-cordova-4-2-0.lock
57 silly addNameRange number 2 { name: 'ionic', range: '*', hasData: true }
58 silly addNameRange versions [ 'ionic',
58 silly addNameRange   [ '0.9.6',
58 silly addNameRange     '0.9.8',
58 silly addNameRange     '0.9.9',
58 silly addNameRange     '0.9.10',
58 silly addNameRange     '0.9.11',
58 silly addNameRange     '0.9.12',
58 silly addNameRange     '0.9.13',
58 silly addNameRange     '0.9.14',
58 silly addNameRange     '0.9.15',
58 silly addNameRange     '0.9.16',
58 silly addNameRange     '1.0.0-beta.1',
58 silly addNameRange     '1.0.0-beta',
58 silly addNameRange     '1.0.1-beta',
58 silly addNameRange     '1.0.3-beta',
58 silly addNameRange     '1.0.4',
58 silly addNameRange     '1.0.5',
58 silly addNameRange     '1.0.6',
58 silly addNameRange     '1.0.7',
58 silly addNameRange     '1.0.8',
58 silly addNameRange     '1.0.9',
58 silly addNameRange     '1.0.10',
58 silly addNameRange     '1.0.11',
58 silly addNameRange     '1.0.12',
58 silly addNameRange     '1.0.13',
58 silly addNameRange     '1.0.14',
58 silly addNameRange     '1.0.15',
58 silly addNameRange     '1.0.16',
58 silly addNameRange     '1.0.17',
58 silly addNameRange     '1.1.0-beta1',
58 silly addNameRange     '1.1.0-beta2',
58 silly addNameRange     '1.1.0-beta3',
58 silly addNameRange     '1.1.0-beta4',
58 silly addNameRange     '1.1.0-beta5',
58 silly addNameRange     '1.1.0-beta6',
58 silly addNameRange     '1.1.0',
58 silly addNameRange     '1.1.1-beta1',
58 silly addNameRange     '1.1.1-beta2',
58 silly addNameRange     '1.1.1-beta3',
58 silly addNameRange     '1.1.1',
58 silly addNameRange     '1.1.3',
58 silly addNameRange     '1.1.4',
58 silly addNameRange     '1.1.5-beta1',
58 silly addNameRange     '1.1.5-beta2',
58 silly addNameRange     '1.1.5-beta3',
58 silly addNameRange     '1.1.5-beta4',
58 silly addNameRange     '1.1.5-beta5',
58 silly addNameRange     '1.1.5',
58 silly addNameRange     '1.1.6',
58 silly addNameRange     '1.1.7-beta1',
58 silly addNameRange     '1.1.7',
58 silly addNameRange     '1.1.8-beta1',
58 silly addNameRange     '1.1.8-beta2',
58 silly addNameRange     '1.1.8-beta3',
58 silly addNameRange     '1.1.8-beta4',
58 silly addNameRange     '1.1.8-beta5',
58 silly addNameRange     '1.1.8',
58 silly addNameRange     '1.1.9-beta1',
58 silly addNameRange     '1.1.9',
58 silly addNameRange     '1.1.10',
58 silly addNameRange     '1.1.11-beta1',
58 silly addNameRange     '1.1.11-beta2',
58 silly addNameRange     '1.1.11',
58 silly addNameRange     '1.1.12-beta1',
58 silly addNameRange     '1.1.12-beta2',
58 silly addNameRange     '1.1.12-beta3',
58 silly addNameRange     '1.1.12',
58 silly addNameRange     '1.1.13',
58 silly addNameRange     '1.1.14-beta1',
58 silly addNameRange     '1.1.14-beta2',
58 silly addNameRange     '1.1.14-beta3',
58 silly addNameRange     '1.2.0-beta1',
58 silly addNameRange     '1.2.0',
58 silly addNameRange     '1.2.1-beta1',
58 silly addNameRange     '1.2.1-beta2',
58 silly addNameRange     '1.2.1-beta3',
58 silly addNameRange     '1.2.1-beta4',
58 silly addNameRange     '1.2.1',
58 silly addNameRange     '1.2.2',
58 silly addNameRange     '1.2.3-beta1',
58 silly addNameRange     '1.2.3-beta2',
58 silly addNameRange     '1.2.3-beta3',
58 silly addNameRange     '1.2.3',
58 silly addNameRange     '1.2.4-beta1',
58 silly addNameRange     '1.2.4-beta2',
58 silly addNameRange     '1.2.4-beta3',
58 silly addNameRange     '1.2.4',
58 silly addNameRange     '1.2.5-beta1',
58 silly addNameRange     '1.2.5-beta2',
58 silly addNameRange     '1.2.5-beta3',
58 silly addNameRange     '1.2.5',
58 silly addNameRange     '1.2.6-beta1',
58 silly addNameRange     '1.2.6-beta2',
58 silly addNameRange     '1.2.6-beta3',
58 silly addNameRange     '1.2.6',
58 silly addNameRange     '1.2.7',
58 silly addNameRange     '1.2.8-beta1',
58 silly addNameRange     '1.2.8-beta2',
58 silly addNameRange     '1.2.8',
58 silly addNameRange     '1.2.9',
58 silly addNameRange     '1.2.10',
58 silly addNameRange     '1.2.11',
58 silly addNameRange     '1.2.12',
58 silly addNameRange     '1.2.13',
58 silly addNameRange     '1.2.14-beta1',
58 silly addNameRange     '1.2.14-beta2',
58 silly addNameRange     '1.2.14-beta3',
58 silly addNameRange     '1.2.14-beta4',
58 silly addNameRange     '1.2.14-beta5',
58 silly addNameRange     '1.2.14-beta6',
58 silly addNameRange     '1.2.14',
58 silly addNameRange     '1.3.0-beta1',
58 silly addNameRange     '1.3.0',
58 silly addNameRange     '1.3.1',
58 silly addNameRange     '1.3.2',
58 silly addNameRange     '1.3.3',
58 silly addNameRange     '1.3.4' ] ]
59 verbose addNamed [ 'ionic', '1.3.4' ]
60 verbose addNamed [ '1.3.4', '1.3.4' ]
61 silly lockFile 63bccf0c-ionic-1-3-4 ionic@1.3.4
62 verbose lock ionic@1.3.4 /Users/NicksMac/.npm/63bccf0c-ionic-1-3-4.lock
63 silly lockFile baf9be59-js-org-cordova-cordova-4-2-0-tgz https://registry.npmjs.org/cordova/-/cordova-4.2.0.tgz
64 verbose lock https://registry.npmjs.org/cordova/-/cordova-4.2.0.tgz /Users/NicksMac/.npm/baf9be59-js-org-cordova-cordova-4-2-0-tgz.lock
65 silly lockFile 0e564d58--npmjs-org-ionic-ionic-1-3-4-tgz https://registry.npmjs.org/ionic/-/ionic-1.3.4.tgz
66 verbose lock https://registry.npmjs.org/ionic/-/ionic-1.3.4.tgz /Users/NicksMac/.npm/0e564d58--npmjs-org-ionic-ionic-1-3-4-tgz.lock
67 verbose addRemoteTarball [ 'https://registry.npmjs.org/cordova/-/cordova-4.2.0.tgz',
67 verbose addRemoteTarball   'e4519197040b09b1bd131ecebc847716a2a7d7d0' ]
68 verbose addRemoteTarball [ 'https://registry.npmjs.org/ionic/-/ionic-1.3.4.tgz',
68 verbose addRemoteTarball   'ef1c80a9bdf4463749b7ea159822880631e3cdda' ]
69 info retry fetch attempt 1 at 17:25:13
70 verbose fetch to= /var/folders/2m/c3mqp52x5yd_myn62fc23bbc0000gn/T/npm-24803-RIZdEa-9/registry.npmjs.org/cordova/-/cordova-4.2.0.tgz
71 info retry fetch attempt 1 at 17:25:13
72 verbose fetch to= /var/folders/2m/c3mqp52x5yd_myn62fc23bbc0000gn/T/npm-24803-RIZdEa-9/registry.npmjs.org/ionic/-/ionic-1.3.4.tgz
73 http GET https://registry.npmjs.org/cordova/-/cordova-4.2.0.tgz
74 http GET https://registry.npmjs.org/ionic/-/ionic-1.3.4.tgz
75 http 200 https://registry.npmjs.org/cordova/-/cordova-4.2.0.tgz
76 http 200 https://registry.npmjs.org/ionic/-/ionic-1.3.4.tgz
77 silly lockFile baf9be59-js-org-cordova-cordova-4-2-0-tgz https://registry.npmjs.org/cordova/-/cordova-4.2.0.tgz
78 silly lockFile baf9be59-js-org-cordova-cordova-4-2-0-tgz https://registry.npmjs.org/cordova/-/cordova-4.2.0.tgz
79 silly lockFile ab86ab8c-cordova-4-2-0 cordova@4.2.0
80 silly lockFile ab86ab8c-cordova-4-2-0 cordova@4.2.0
81 silly lockFile de8d9fad-cordova cordova@
82 silly lockFile de8d9fad-cordova cordova@
83 silly lockFile 0e564d58--npmjs-org-ionic-ionic-1-3-4-tgz https://registry.npmjs.org/ionic/-/ionic-1.3.4.tgz
84 silly lockFile 0e564d58--npmjs-org-ionic-ionic-1-3-4-tgz https://registry.npmjs.org/ionic/-/ionic-1.3.4.tgz
85 silly lockFile 63bccf0c-ionic-1-3-4 ionic@1.3.4
86 silly lockFile 63bccf0c-ionic-1-3-4 ionic@1.3.4
87 silly lockFile 966fc04a-ionic ionic@
88 silly lockFile 966fc04a-ionic ionic@
89 error Error: EACCES, mkdir '/Users/NicksMac/.npm/cordova/4.2.0'
89 error  { [Error: EACCES, mkdir '/Users/NicksMac/.npm/cordova/4.2.0']
89 error   errno: 3,
89 error   code: 'EACCES',
89 error   path: '/Users/NicksMac/.npm/cordova/4.2.0' }
90 error Please try running this command again as root/Administrator.
91 error System Darwin 13.4.0
92 error command "node" "/usr/local/bin/npm" "install" "-g" "cordova" "ionic"
93 error cwd /Users/NicksMac/Desktop/Nicks DBC/nickperez1285.github.io/ionicMap2
94 error node -v v0.10.35
95 error npm -v 1.4.28
96 error path /Users/NicksMac/.npm/cordova/4.2.0
97 error code EACCES
98 error errno 3
99 error stack Error: EACCES, mkdir '/Users/NicksMac/.npm/cordova/4.2.0'
100 verbose exit [ 3, true ]
